Before: 12 7 9 3 15 11 8 6 10 4
7 12 9 3 15 11 8 6 10 4
7 9 12 3 15 11 8 6 10 4
7 9 3 12 15 11 8 6 10 4
7 9 3 12 11 15 8 6 10 4
7 9 3 12 11 8 15 6 10 4
7 9 3 12 11 8 6 15 10 4
7 9 3 12 11 8 6 10 15 4
7 9 3 12 11 8 6 10 4 15
7 3 9 12 11 8 6 10 4 15
7 3 9 11 12 8 6 10 4 15
7 3 9 11 8 12 6 10 4 15
7 3 9 11 8 6 12 10 4 15
7 3 9 11 8 6 10 12 4 15
7 3 9 11 8 6 10 4 12 15
3 7 9 11 8 6 10 4 12 15
3 7 9 8 11 6 10 4 12 15
3 7 9 8 6 11 10 4 12 15
3 7 9 8 6 10 11 4 12 15
3 7 9 8 6 10 4 11 12 15
3 7 8 9 6 10 4 11 12 15
3 7 8 6 9 10 4 11 12 15
3 7 8 6 9 4 10 11 12 15
3 7 6 8 9 4 10 11 12 15
3 7 6 8 4 9 10 11 12 15
3 6 7 8 4 9 10 11 12 15
3 6 7 4 8 9 10 11 12 15
3 6 4 7 8 9 10 11 12 15
3 4 6 7 8 9 10 11 12 15
After: 3 4 6 7 8 9 10 11 12 15
