Before: 100 90 80 70 60 50 40 30
90 100 80 70 60 50 40 30
90 80 100 70 60 50 40 30
90 80 70 100 60 50 40 30
90 80 70 60 100 50 40 30
90 80 70 60 50 100 40 30
90 80 70 60 50 40 100 30
90 80 70 60 50 40 30 100
80 90 70 60 50 40 30 100
80 70 90 60 50 40 30 100
80 70 60 90 50 40 30 100
80 70 60 50 90 40 30 100
80 70 60 50 40 90 30 100
80 70 60 50 40 30 90 100
70 80 60 50 40 30 90 100
70 60 80 50 40 30 90 100
70 60 50 80 40 30 90 100
70 60 50 40 80 30 90 100
70 60 50 40 30 80 90 100
60 70 50 40 30 80 90 100
60 50 70 40 30 80 90 100
60 50 40 70 30 80 90 100
60 50 40 30 70 80 90 100
50 60 40 30 70 80 90 100
50 40 60 30 70 80 90 100
50 40 30 60 70 80 90 100
40 50 30 60 70 80 90 100
40 30 50 60 70 80 90 100
30 40 50 60 70 80 90 100
After: 30 40 50 60 70 80 90 100
